<?xml version="1.0" encoding="UTF-8"?>
<coverage generated="1775154380383" clover="3.2.0">
  <project timestamp="1775154380383" name="All files">
    <metrics statements="5" coveredstatements="5" conditionals="0" coveredconditionals="0" methods="3" coveredmethods="3" elements="8" coveredelements="8" complexity="0" loc="5" ncloc="5" packages="2" files="4" classes="4"/>
    <package name="src">
      <metrics statements="1" coveredstatements="1" conditionals="0" coveredconditionals="0" methods="1" coveredmethods="1"/>
      <file name="App.css" path="/home/wuesley/Área de Trabalho/Testes-com-React/testes-react/src/App.css">
        <metrics statements="0" coveredstatements="0" conditionals="0" coveredconditionals="0" methods="0" coveredmethods="0"/>
      </file>
      <file name="App.tsx" path="/home/wuesley/Área de Trabalho/Testes-com-React/testes-react/src/App.tsx">
        <metrics statements="1" coveredstatements="1" conditionals="0" coveredconditionals="0" methods="1" coveredmethods="1"/>
        <line num="6" count="2" type="stmt"/>
      </file>
    </package>
    <package name="src.Login">
      <metrics statements="4" coveredstatements="4" conditionals="0" coveredconditionals="0" methods="2" coveredmethods="2"/>
      <file name="index.tsx" path="/home/wuesley/Área de Trabalho/Testes-com-React/testes-react/src/Login/index.tsx">
        <metrics statements="4" coveredstatements="4" conditionals="0" coveredconditionals="0" methods="2" coveredmethods="2"/>
        <line num="9" count="6" type="stmt"/>
        <line num="12" count="1" type="stmt"/>
        <line num="13" count="1" type="stmt"/>
        <line num="17" count="6" type="stmt"/>
      </file>
      <file name="styles.module.scss" path="/home/wuesley/Área de Trabalho/Testes-com-React/testes-react/src/Login/styles.module.scss">
        <metrics statements="0" coveredstatements="0" conditionals="0" coveredconditionals="0" methods="0" coveredmethods="0"/>
      </file>
    </package>
  </project>
</coverage>
