{"/home/wuesley/Área de Trabalho/Testes-com-React/testes-react/src/App.css": {"path":"/home/wuesley/Área de Trabalho/Testes-com-React/testes-react/src/App.css","statementMap":{},"fnMap":{},"branchMap":{},"s":{},"f":{},"b":{},"meta":{"lastBranch":0,"lastFunction":0,"lastStatement":0,"seen":{}}}
,"/home/wuesley/Área de Trabalho/Testes-com-React/testes-react/src/App.tsx": {"path":"/home/wuesley/Área de Trabalho/Testes-com-React/testes-react/src/App.tsx","statementMap":{"0":{"start":{"line":6,"column":2},"end":{"line":9,"column":null}}},"fnMap":{"0":{"name":"App","decl":{"start":{"line":3,"column":9},"end":{"line":3,"column":null}},"loc":{"start":{"line":3,"column":9},"end":{"line":12,"column":null}},"line":3}},"branchMap":{},"s":{"0":2},"f":{"0":2},"b":{},"meta":{"lastBranch":0,"lastFunction":1,"lastStatement":1,"seen":{"f:3:9:3:Infinity":0,"s:6:2:9:Infinity":0}}}
,"/home/wuesley/Área de Trabalho/Testes-com-React/testes-react/src/Login/index.tsx": {"path":"/home/wuesley/Área de Trabalho/Testes-com-React/testes-react/src/Login/index.tsx","statementMap":{"0":{"start":{"line":9,"column":2},"end":{"line":15,"column":null}}},"fnMap":{"0":{"name":"Login","decl":{"start":{"line":6,"column":24},"end":{"line":6,"column":null}},"loc":{"start":{"line":6,"column":24},"end":{"line":20,"column":null}},"line":6}},"branchMap":{},"s":{"0":5},"f":{"0":5},"b":{},"meta":{"lastBranch":0,"lastFunction":1,"lastStatement":1,"seen":{"f:6:24:6:Infinity":0,"s:9:2:15:Infinity":0}}}
,"/home/wuesley/Área de Trabalho/Testes-com-React/testes-react/src/Login/styles.module.scss": {"path":"/home/wuesley/Área de Trabalho/Testes-com-React/testes-react/src/Login/styles.module.scss","statementMap":{},"fnMap":{},"branchMap":{},"s":{},"f":{},"b":{},"meta":{"lastBranch":0,"lastFunction":0,"lastStatement":0,"seen":{}}}
}
