{"/home/wuesley/Área de Trabalho/Testes-com-React/testes-react/src/App.css": {"path":"/home/wuesley/Área de Trabalho/Testes-com-React/testes-react/src/App.css","statementMap":{},"fnMap":{},"branchMap":{},"s":{},"f":{},"b":{},"meta":{"lastBranch":0,"lastFunction":0,"lastStatement":0,"seen":{}}}
,"/home/wuesley/Área de Trabalho/Testes-com-React/testes-react/src/App.tsx": {"path":"/home/wuesley/Área de Trabalho/Testes-com-React/testes-react/src/App.tsx","statementMap":{"0":{"start":{"line":6,"column":2},"end":{"line":9,"column":null}}},"fnMap":{"0":{"name":"App","decl":{"start":{"line":3,"column":9},"end":{"line":3,"column":null}},"loc":{"start":{"line":3,"column":9},"end":{"line":12,"column":null}},"line":3}},"branchMap":{},"s":{"0":2},"f":{"0":2},"b":{},"meta":{"lastBranch":0,"lastFunction":1,"lastStatement":1,"seen":{"f:3:9:3:Infinity":0,"s:6:2:9:Infinity":0}}}
,"/home/wuesley/Área de Trabalho/Testes-com-React/testes-react/src/Login/index.tsx": {"path":"/home/wuesley/Área de Trabalho/Testes-com-React/testes-react/src/Login/index.tsx","statementMap":{"0":{"start":{"line":9,"column":8},"end":{"line":9,"column":null}},"1":{"start":{"line":12,"column":4},"end":{"line":12,"column":null}},"2":{"start":{"line":13,"column":4},"end":{"line":13,"column":null}},"3":{"start":{"line":17,"column":2},"end":{"line":23,"column":null}}},"fnMap":{"0":{"name":"Login","decl":{"start":{"line":7,"column":24},"end":{"line":7,"column":null}},"loc":{"start":{"line":7,"column":24},"end":{"line":28,"column":null}},"line":7},"1":{"name":"handleSubmit","decl":{"start":{"line":11,"column":11},"end":{"line":11,"column":24}},"loc":{"start":{"line":11,"column":40},"end":{"line":14,"column":null}},"line":11}},"branchMap":{},"s":{"0":6,"1":1,"2":1,"3":6},"f":{"0":6,"1":1},"b":{},"meta":{"lastBranch":0,"lastFunction":2,"lastStatement":4,"seen":{"f:7:24:7:Infinity":0,"s:9:8:9:Infinity":0,"f:11:11:11:24":1,"s:12:4:12:Infinity":1,"s:13:4:13:Infinity":2,"s:17:2:23:Infinity":3}}}
,"/home/wuesley/Área de Trabalho/Testes-com-React/testes-react/src/Login/styles.module.scss": {"path":"/home/wuesley/Área de Trabalho/Testes-com-React/testes-react/src/Login/styles.module.scss","statementMap":{},"fnMap":{},"branchMap":{},"s":{},"f":{},"b":{},"meta":{"lastBranch":0,"lastFunction":0,"lastStatement":0,"seen":{}}}
}
